<?xml version="1.0" encoding="UTF-8"?>
<!-- Generated by org.testng.reporters.JUnitReportReporter -->
<testsuite hostname="CPX-ULAJAR9CS0N" failures="0" tests="1" name="Lighthouse.Seleniumtest" time="18.393" errors="0" timestamp="2023-02-08T13:40:26 EST" skipped="0">
  <testcase classname="Lighthouse.Seleniumtest" name="extentReports" time="18.393"/>
  <system-out/>
</testsuite> <!-- Lighthouse.Seleniumtest -->
